[0.171s] Invoking command in '/home/henry/ws_moveit2/src/moveit2/build/moveit_resources_prbt_support': CMAKE_PREFIX_PATH=/opt/ros/humble PS1=\[\033[34m\][\h]\[\033[0m\]\[\033[0;32m\]$(parse_vc_branch_and_add_brackets)\[\033[0m\] \W$ /usr/bin/cmake /home/henry/ws_moveit2/src/moveit2/moveit_planners/test_configs/prbt_support -DCMAKE_BUILD_TYPE=Release -DCMAKE_INSTALL_PREFIX=/home/henry/ws_moveit2/src/moveit2/install/moveit_resources_prbt_support
[0.239s] -- The C compiler identification is GNU 11.2.0
[0.278s] -- The CXX compiler identification is GNU 11.2.0
[0.285s] -- Detecting C compiler ABI info
[0.322s] -- Detecting C compiler ABI info - done
[0.327s] -- Check for working C compiler: /usr/lib/ccache/cc - skipped
[0.327s] -- Detecting C compile features
[0.327s] -- Detecting C compile features - done
[0.329s] -- Detecting CXX compiler ABI info
[0.373s] -- Detecting CXX compiler ABI info - done
[0.382s] -- Check for working CXX compiler: /usr/lib/ccache/c++ - skipped
[0.382s] -- Detecting CXX compile features
[0.382s] -- Detecting CXX compile features - done
[0.384s] -- Found ament_cmake: 1.3.2 (/opt/ros/humble/share/ament_cmake/cmake)
[0.516s] -- Found Python3: /usr/bin/python3.10 (found version "3.10.4") found components: Interpreter 
[0.613s] -- Configuring done
[0.615s] -- Generating done
[0.615s] -- Build files have been written to: /home/henry/ws_moveit2/src/moveit2/build/moveit_resources_prbt_support
[0.620s] Invoked command in '/home/henry/ws_moveit2/src/moveit2/build/moveit_resources_prbt_support' returned '0': CMAKE_PREFIX_PATH=/opt/ros/humble PS1=\[\033[34m\][\h]\[\033[0m\]\[\033[0;32m\]$(parse_vc_branch_and_add_brackets)\[\033[0m\] \W$ /usr/bin/cmake /home/henry/ws_moveit2/src/moveit2/moveit_planners/test_configs/prbt_support -DCMAKE_BUILD_TYPE=Release -DCMAKE_INSTALL_PREFIX=/home/henry/ws_moveit2/src/moveit2/install/moveit_resources_prbt_support
[0.621s] Invoking command in '/home/henry/ws_moveit2/src/moveit2/build/moveit_resources_prbt_support': CMAKE_PREFIX_PATH=/opt/ros/humble PS1=\[\033[34m\][\h]\[\033[0m\]\[\033[0;32m\]$(parse_vc_branch_and_add_brackets)\[\033[0m\] \W$ /usr/bin/cmake --build /home/henry/ws_moveit2/src/moveit2/build/moveit_resources_prbt_support -- -j8 -l8
[0.644s] Invoked command in '/home/henry/ws_moveit2/src/moveit2/build/moveit_resources_prbt_support' returned '0': CMAKE_PREFIX_PATH=/opt/ros/humble PS1=\[\033[34m\][\h]\[\033[0m\]\[\033[0;32m\]$(parse_vc_branch_and_add_brackets)\[\033[0m\] \W$ /usr/bin/cmake --build /home/henry/ws_moveit2/src/moveit2/build/moveit_resources_prbt_support -- -j8 -l8
[0.655s] Invoking command in '/home/henry/ws_moveit2/src/moveit2/build/moveit_resources_prbt_support': CMAKE_PREFIX_PATH=/opt/ros/humble PS1=\[\033[34m\][\h]\[\033[0m\]\[\033[0;32m\]$(parse_vc_branch_and_add_brackets)\[\033[0m\] \W$ /usr/bin/cmake --install /home/henry/ws_moveit2/src/moveit2/build/moveit_resources_prbt_support
[0.659s] -- Install configuration: "Release"
[0.660s] -- Installing: /home/henry/ws_moveit2/src/moveit2/install/moveit_resources_prbt_support/share/ament_index/resource_index/package_run_dependencies/moveit_resources_prbt_support
[0.660s] -- Installing: /home/henry/ws_moveit2/src/moveit2/install/moveit_resources_prbt_support/share/ament_index/resource_index/parent_prefix_path/moveit_resources_prbt_support
[0.660s] -- Installing: /home/henry/ws_moveit2/src/moveit2/install/moveit_resources_prbt_support/share/moveit_resources_prbt_support/environment/ament_prefix_path.sh
[0.661s] -- Installing: /home/henry/ws_moveit2/src/moveit2/install/moveit_resources_prbt_support/share/moveit_resources_prbt_support/environment/ament_prefix_path.dsv
[0.661s] -- Installing: /home/henry/ws_moveit2/src/moveit2/install/moveit_resources_prbt_support/share/moveit_resources_prbt_support/environment/path.sh
[0.661s] -- Installing: /home/henry/ws_moveit2/src/moveit2/install/moveit_resources_prbt_support/share/moveit_resources_prbt_support/environment/path.dsv
[0.661s] -- Installing: /home/henry/ws_moveit2/src/moveit2/install/moveit_resources_prbt_support/share/moveit_resources_prbt_support/local_setup.bash
[0.661s] -- Installing: /home/henry/ws_moveit2/src/moveit2/install/moveit_resources_prbt_support/share/moveit_resources_prbt_support/local_setup.sh
[0.661s] -- Installing: /home/henry/ws_moveit2/src/moveit2/install/moveit_resources_prbt_support/share/moveit_resources_prbt_support/local_setup.zsh
[0.661s] -- Installing: /home/henry/ws_moveit2/src/moveit2/install/moveit_resources_prbt_support/share/moveit_resources_prbt_support/local_setup.dsv
[0.662s] -- Installing: /home/henry/ws_moveit2/src/moveit2/install/moveit_resources_prbt_support/share/moveit_resources_prbt_support/package.dsv
[0.662s] -- Installing: /home/henry/ws_moveit2/src/moveit2/install/moveit_resources_prbt_support/share/ament_index/resource_index/packages/moveit_resources_prbt_support
[0.662s] -- Installing: /home/henry/ws_moveit2/src/moveit2/install/moveit_resources_prbt_support/share/moveit_resources_prbt_support/cmake/moveit_resources_prbt_supportConfig.cmake
[0.662s] -- Installing: /home/henry/ws_moveit2/src/moveit2/install/moveit_resources_prbt_support/share/moveit_resources_prbt_support/cmake/moveit_resources_prbt_supportConfig-version.cmake
[0.662s] -- Installing: /home/henry/ws_moveit2/src/moveit2/install/moveit_resources_prbt_support/share/moveit_resources_prbt_support/package.xml
[0.662s] -- Installing: /home/henry/ws_moveit2/src/moveit2/install/moveit_resources_prbt_support/share/moveit_resources_prbt_support/urdf
[0.662s] -- Installing: /home/henry/ws_moveit2/src/moveit2/install/moveit_resources_prbt_support/share/moveit_resources_prbt_support/urdf/prbt.ros2_control.xacro
[0.662s] -- Installing: /home/henry/ws_moveit2/src/moveit2/install/moveit_resources_prbt_support/share/moveit_resources_prbt_support/urdf/simple_gripper_brackets.urdf.xacro
[0.663s] -- Installing: /home/henry/ws_moveit2/src/moveit2/install/moveit_resources_prbt_support/share/moveit_resources_prbt_support/urdf/prbt_macro.xacro
[0.663s] -- Installing: /home/henry/ws_moveit2/src/moveit2/install/moveit_resources_prbt_support/share/moveit_resources_prbt_support/urdf/prbt.xacro
[0.663s] -- Installing: /home/henry/ws_moveit2/src/moveit2/install/moveit_resources_prbt_support/share/moveit_resources_prbt_support/meshes
[0.663s] -- Installing: /home/henry/ws_moveit2/src/moveit2/install/moveit_resources_prbt_support/share/moveit_resources_prbt_support/meshes/link_4.stl
[0.663s] -- Installing: /home/henry/ws_moveit2/src/moveit2/install/moveit_resources_prbt_support/share/moveit_resources_prbt_support/meshes/foot.stl
[0.663s] -- Installing: /home/henry/ws_moveit2/src/moveit2/install/moveit_resources_prbt_support/share/moveit_resources_prbt_support/meshes/link_5.dae
[0.663s] -- Installing: /home/henry/ws_moveit2/src/moveit2/install/moveit_resources_prbt_support/share/moveit_resources_prbt_support/meshes/foot.dae
[0.665s] -- Installing: /home/henry/ws_moveit2/src/moveit2/install/moveit_resources_prbt_support/share/moveit_resources_prbt_support/meshes/link_4.dae
[0.666s] -- Installing: /home/henry/ws_moveit2/src/moveit2/install/moveit_resources_prbt_support/share/moveit_resources_prbt_support/meshes/link_5.stl
[0.666s] -- Installing: /home/henry/ws_moveit2/src/moveit2/install/moveit_resources_prbt_support/share/moveit_resources_prbt_support/meshes/link_3.stl
[0.666s] -- Installing: /home/henry/ws_moveit2/src/moveit2/install/moveit_resources_prbt_support/share/moveit_resources_prbt_support/meshes/flange.stl
[0.667s] -- Installing: /home/henry/ws_moveit2/src/moveit2/install/moveit_resources_prbt_support/share/moveit_resources_prbt_support/meshes/link_2.stl
[0.667s] -- Installing: /home/henry/ws_moveit2/src/moveit2/install/moveit_resources_prbt_support/share/moveit_resources_prbt_support/meshes/link_1.stl
[0.667s] -- Installing: /home/henry/ws_moveit2/src/moveit2/install/moveit_resources_prbt_support/share/moveit_resources_prbt_support/meshes/link_3.dae
[0.667s] -- Installing: /home/henry/ws_moveit2/src/moveit2/install/moveit_resources_prbt_support/share/moveit_resources_prbt_support/meshes/flange.dae
[0.667s] -- Installing: /home/henry/ws_moveit2/src/moveit2/install/moveit_resources_prbt_support/share/moveit_resources_prbt_support/meshes/link_2.dae
[0.669s] -- Installing: /home/henry/ws_moveit2/src/moveit2/install/moveit_resources_prbt_support/share/moveit_resources_prbt_support/meshes/link_1.dae
[0.670s] -- Installing: /home/henry/ws_moveit2/src/moveit2/install/moveit_resources_prbt_support/share/moveit_resources_prbt_support/config
[0.670s] -- Installing: /home/henry/ws_moveit2/src/moveit2/install/moveit_resources_prbt_support/share/moveit_resources_prbt_support/config/prbt_0_1.dcf
[0.670s] -- Installing: /home/henry/ws_moveit2/src/moveit2/install/moveit_resources_prbt_support/share/moveit_resources_prbt_support/config/manipulator_driver.yaml
[0.670s] -- Installing: /home/henry/ws_moveit2/src/moveit2/install/moveit_resources_prbt_support/share/moveit_resources_prbt_support/config/manipulator_controller.yaml
[0.672s] Invoked command in '/home/henry/ws_moveit2/src/moveit2/build/moveit_resources_prbt_support' returned '0': CMAKE_PREFIX_PATH=/opt/ros/humble PS1=\[\033[34m\][\h]\[\033[0m\]\[\033[0;32m\]$(parse_vc_branch_and_add_brackets)\[\033[0m\] \W$ /usr/bin/cmake --install /home/henry/ws_moveit2/src/moveit2/build/moveit_resources_prbt_support
