[0.016s] Invoking command in '/home/henry/ws_moveit2/src/moveit2/build/moveit_common': CMAKE_PREFIX_PATH=/opt/ros/humble PS1=\[\033[34m\][\h]\[\033[0m\]\[\033[0;32m\]$(parse_vc_branch_and_add_brackets)\[\033[0m\] \W$ /usr/bin/cmake /home/henry/ws_moveit2/src/moveit2/moveit_common -DCMAKE_BUILD_TYPE=Release -DCMAKE_INSTALL_PREFIX=/home/henry/ws_moveit2/src/moveit2/install/moveit_common
[0.178s] -- Found ament_cmake: 1.3.2 (/opt/ros/humble/share/ament_cmake/cmake)
[0.178s] -- Found Python3: /usr/bin/python3.10 (found version "3.10.4") found components: Interpreter 
[0.242s] -- Found ament_lint_auto: 0.12.4 (/opt/ros/humble/share/ament_lint_auto/cmake)
[0.302s] -- Added test 'copyright' to check source files copyright and LICENSE
[0.304s] -- Added test 'lint_cmake' to check CMake code style
[0.305s] -- Added test 'xmllint' to check XML markup files
[0.306s] -- Configuring done
[0.308s] -- Generating done
[0.308s] -- Build files have been written to: /home/henry/ws_moveit2/src/moveit2/build/moveit_common
[0.310s] Invoked command in '/home/henry/ws_moveit2/src/moveit2/build/moveit_common' returned '0': CMAKE_PREFIX_PATH=/opt/ros/humble PS1=\[\033[34m\][\h]\[\033[0m\]\[\033[0;32m\]$(parse_vc_branch_and_add_brackets)\[\033[0m\] \W$ /usr/bin/cmake /home/henry/ws_moveit2/src/moveit2/moveit_common -DCMAKE_BUILD_TYPE=Release -DCMAKE_INSTALL_PREFIX=/home/henry/ws_moveit2/src/moveit2/install/moveit_common
[0.311s] Invoking command in '/home/henry/ws_moveit2/src/moveit2/build/moveit_common': CMAKE_PREFIX_PATH=/opt/ros/humble PS1=\[\033[34m\][\h]\[\033[0m\]\[\033[0;32m\]$(parse_vc_branch_and_add_brackets)\[\033[0m\] \W$ /usr/bin/cmake --build /home/henry/ws_moveit2/src/moveit2/build/moveit_common -- -j8 -l8
[0.332s] Invoked command in '/home/henry/ws_moveit2/src/moveit2/build/moveit_common' returned '0': CMAKE_PREFIX_PATH=/opt/ros/humble PS1=\[\033[34m\][\h]\[\033[0m\]\[\033[0;32m\]$(parse_vc_branch_and_add_brackets)\[\033[0m\] \W$ /usr/bin/cmake --build /home/henry/ws_moveit2/src/moveit2/build/moveit_common -- -j8 -l8
[0.348s] Invoking command in '/home/henry/ws_moveit2/src/moveit2/build/moveit_common': CMAKE_PREFIX_PATH=/opt/ros/humble PS1=\[\033[34m\][\h]\[\033[0m\]\[\033[0;32m\]$(parse_vc_branch_and_add_brackets)\[\033[0m\] \W$ /usr/bin/cmake --install /home/henry/ws_moveit2/src/moveit2/build/moveit_common
[0.352s] -- Install configuration: "Release"
[0.352s] -- Installing: /home/henry/ws_moveit2/src/moveit2/install/moveit_common/share/ament_index/resource_index/package_run_dependencies/moveit_common
[0.352s] -- Installing: /home/henry/ws_moveit2/src/moveit2/install/moveit_common/share/ament_index/resource_index/parent_prefix_path/moveit_common
[0.352s] -- Installing: /home/henry/ws_moveit2/src/moveit2/install/moveit_common/share/moveit_common/environment/ament_prefix_path.sh
[0.352s] -- Installing: /home/henry/ws_moveit2/src/moveit2/install/moveit_common/share/moveit_common/environment/ament_prefix_path.dsv
[0.352s] -- Installing: /home/henry/ws_moveit2/src/moveit2/install/moveit_common/share/moveit_common/environment/path.sh
[0.352s] -- Installing: /home/henry/ws_moveit2/src/moveit2/install/moveit_common/share/moveit_common/environment/path.dsv
[0.352s] -- Installing: /home/henry/ws_moveit2/src/moveit2/install/moveit_common/share/moveit_common/local_setup.bash
[0.352s] -- Installing: /home/henry/ws_moveit2/src/moveit2/install/moveit_common/share/moveit_common/local_setup.sh
[0.353s] -- Installing: /home/henry/ws_moveit2/src/moveit2/install/moveit_common/share/moveit_common/local_setup.zsh
[0.353s] -- Installing: /home/henry/ws_moveit2/src/moveit2/install/moveit_common/share/moveit_common/local_setup.dsv
[0.353s] -- Installing: /home/henry/ws_moveit2/src/moveit2/install/moveit_common/share/moveit_common/package.dsv
[0.353s] -- Installing: /home/henry/ws_moveit2/src/moveit2/install/moveit_common/share/ament_index/resource_index/packages/moveit_common
[0.353s] -- Installing: /home/henry/ws_moveit2/src/moveit2/install/moveit_common/share/moveit_common/cmake/moveit_common-extras.cmake
[0.353s] -- Installing: /home/henry/ws_moveit2/src/moveit2/install/moveit_common/share/moveit_common/cmake/moveit_commonConfig.cmake
[0.353s] -- Installing: /home/henry/ws_moveit2/src/moveit2/install/moveit_common/share/moveit_common/cmake/moveit_commonConfig-version.cmake
[0.353s] -- Installing: /home/henry/ws_moveit2/src/moveit2/install/moveit_common/share/moveit_common/package.xml
[0.353s] -- Up-to-date: /home/henry/ws_moveit2/src/moveit2/install/moveit_common/share/moveit_common/cmake
[0.353s] -- Installing: /home/henry/ws_moveit2/src/moveit2/install/moveit_common/share/moveit_common/cmake/moveit_package.cmake
[0.355s] Invoked command in '/home/henry/ws_moveit2/src/moveit2/build/moveit_common' returned '0': CMAKE_PREFIX_PATH=/opt/ros/humble PS1=\[\033[34m\][\h]\[\033[0m\]\[\033[0;32m\]$(parse_vc_branch_and_add_brackets)\[\033[0m\] \W$ /usr/bin/cmake --install /home/henry/ws_moveit2/src/moveit2/build/moveit_common
