[0.005s] Invoking command in '/home/henry/ws_moveit2/src/moveit2/build/moveit_core': AMENT_PREFIX_PATH=/home/henry/ws_moveit2/src/moveit2/install/moveit_common:${AMENT_PREFIX_PATH} CMAKE_PREFIX_PATH=/home/henry/ws_moveit2/src/moveit2/install/moveit_common:/opt/ros/humble PS1=\[\033[34m\][\h]\[\033[0m\]\[\033[0;32m\]$(parse_vc_branch_and_add_brackets)\[\033[0m\] \W$ /usr/bin/cmake /home/henry/ws_moveit2/src/moveit2/moveit_core -DCMAKE_BUILD_TYPE=Release -DCMAKE_INSTALL_PREFIX=/home/henry/ws_moveit2/src/moveit2/install/moveit_core
[0.053s] -- The CXX compiler identification is GNU 11.2.0
[0.059s] -- Detecting CXX compiler ABI info
[0.101s] -- Detecting CXX compiler ABI info - done
[0.106s] -- Check for working CXX compiler: /usr/lib/ccache/c++ - skipped
[0.106s] -- Detecting CXX compile features
[0.106s] -- Detecting CXX compile features - done
[0.107s] -- Found moveit_common: 2.5.1 (/home/henry/ws_moveit2/src/moveit2/install/moveit_common/share/moveit_common/cmake)
[0.108s] -- Found ament_cmake: 1.3.2 (/opt/ros/humble/share/ament_cmake/cmake)
[0.220s] -- Found Python3: /usr/bin/python3.10 (found version "3.10.4") found components: Interpreter 
[0.330s] -- Found libdw: /usr/lib/x86_64-linux-gnu/libdw.so  
[0.333s] -- Could NOT find libbfd (missing: LIBBFD_LIBRARY LIBBFD_INCLUDE_DIR) 
[0.333s] -- BACKWARD_HAS_UNWIND=1
[0.333s] -- BACKWARD_HAS_BACKTRACE=0
[0.333s] -- BACKWARD_HAS_BACKTRACE_SYMBOL=0
[0.333s] -- BACKWARD_HAS_DW=1
[0.333s] -- BACKWARD_HAS_BFD=0
[0.334s] -- Found Backward: /opt/ros/humble/share/backward_ros/cmake  
[0.336s] -- Found rclcpp: 16.0.1 (/opt/ros/humble/share/rclcpp/cmake)
[0.386s] -- Found rosidl_generator_c: 3.1.3 (/opt/ros/humble/share/rosidl_generator_c/cmake)
[0.390s] -- Found rosidl_adapter: 3.1.3 (/opt/ros/humble/share/rosidl_adapter/cmake)
[0.398s] -- Found rosidl_generator_cpp: 3.1.3 (/opt/ros/humble/share/rosidl_generator_cpp/cmake)
[0.413s] -- Using all available rosidl_typesupport_c: rosidl_typesupport_fastrtps_c;rosidl_typesupport_introspection_c
[0.431s] -- Using all available rosidl_typesupport_cpp: rosidl_typesupport_fastrtps_cpp;rosidl_typesupport_introspection_cpp
[0.487s] -- Found rmw_implementation_cmake: 6.1.0 (/opt/ros/humble/share/rmw_implementation_cmake/cmake)
[0.490s] -- Found rmw_fastrtps_cpp: 6.2.1 (/opt/ros/humble/share/rmw_fastrtps_cpp/cmake)
[0.555s] -- Found OpenSSL: /usr/lib/x86_64-linux-gnu/libcrypto.so (found version "3.0.2")  
[0.570s] -- Found FastRTPS: /opt/ros/humble/include  
[0.596s] -- Using RMW implementation 'rmw_fastrtps_cpp' as default
[0.704s] -- Found eigen3_cmake_module: 0.1.1 (/opt/ros/humble/share/eigen3_cmake_module/cmake)
[0.709s] -- Found Eigen3: TRUE (found version "3.4.0") 
[0.711s] -- Found PkgConfig: /usr/bin/pkg-config (found version "0.29.2") 
[0.712s] -- Checking for module 'fcl>=0.5.0'
[0.718s] --   Found fcl, version 0.7.0
[0.741s] -- Found Bullet: /usr/lib/x86_64-linux-gnu/libBulletDynamics.so (Required is at least version "2.87") 
[0.742s] -- Found angles: 1.13.0 (/opt/ros/humble/share/angles/cmake)
[0.754s] -- Found urdf: 2.6.0 (/opt/ros/humble/share/urdf/cmake)
[0.775s] -- Found tf2_eigen: 0.25.0 (/opt/ros/humble/share/tf2_eigen/cmake)
[1.082s] -- Found tf2_kdl: 0.25.0 (/opt/ros/humble/share/tf2_kdl/cmake)
[1.094s] -- Found tf2_geometry_msgs: 0.25.0 (/opt/ros/humble/share/tf2_geometry_msgs/cmake)
[1.106s] -- Found eigen_stl_containers: 1.0.0 (/opt/ros/humble/share/eigen_stl_containers/cmake)
[1.108s] -- Found geometric_shapes: 2.1.3 (/opt/ros/humble/share/geometric_shapes/cmake)
[1.116s] -- Found Boost: /usr/lib/x86_64-linux-gnu/cmake/Boost-1.74.0/BoostConfig.cmake (found version "1.74.0") found components: filesystem 
[1.165s] -- library: /usr/lib/x86_64-linux-gnu/libcurl.so
[1.354s] -- Found kdl_parser: 2.6.2 (/opt/ros/humble/share/kdl_parser/cmake)
[1.357s] -- Found moveit_msgs: 2.2.0 (/opt/ros/humble/share/moveit_msgs/cmake)
[1.720s] [31mCMake Error at CMakeLists.txt:43 (find_package):
[1.720s]   By not providing "Findsrdfdom.cmake" in CMAKE_MODULE_PATH this project has
[1.720s]   asked CMake to find a package configuration file provided by "srdfdom", but
[1.720s]   CMake did not find one.
[1.720s] 
[1.720s]   Could not find a package configuration file provided by "srdfdom" with any
[1.720s]   of the following names:
[1.720s] 
[1.720s]     srdfdomConfig.cmake
[1.720s]     srdfdom-config.cmake
[1.720s] 
[1.720s]   Add the installation prefix of "srdfdom" to CMAKE_PREFIX_PATH or set
[1.720s]   "srdfdom_DIR" to a directory containing one of the above files.  If
[1.720s]   "srdfdom" provides a separate development package or SDK, be sure it has
[1.721s]   been installed.
[1.721s] 
[1.721s] [0m
[1.721s] -- Configuring incomplete, errors occurred!
[1.721s] See also "/home/henry/ws_moveit2/src/moveit2/build/moveit_core/CMakeFiles/CMakeOutput.log".
[1.727s] Invoked command in '/home/henry/ws_moveit2/src/moveit2/build/moveit_core' returned '1': AMENT_PREFIX_PATH=/home/henry/ws_moveit2/src/moveit2/install/moveit_common:${AMENT_PREFIX_PATH} CMAKE_PREFIX_PATH=/home/henry/ws_moveit2/src/moveit2/install/moveit_common:/opt/ros/humble PS1=\[\033[34m\][\h]\[\033[0m\]\[\033[0;32m\]$(parse_vc_branch_and_add_brackets)\[\033[0m\] \W$ /usr/bin/cmake /home/henry/ws_moveit2/src/moveit2/moveit_core -DCMAKE_BUILD_TYPE=Release -DCMAKE_INSTALL_PREFIX=/home/henry/ws_moveit2/src/moveit2/install/moveit_core
