[0.509s] Invoking command in '/home/henry/ws_moveit2/src/moveit2/moveit_configs_utils': PS1=\[\033[34m\][\h]\[\033[0m\]\[\033[0;32m\]$(parse_vc_branch_and_add_brackets)\[\033[0m\] \W$ PYTHONPATH=/home/henry/ws_moveit2/src/moveit2/install/moveit_configs_utils/lib/python3.10/site-packages:${PYTHONPATH} /usr/bin/python3 setup.py egg_info --egg-base ../build/moveit_configs_utils build --build-base /home/henry/ws_moveit2/src/moveit2/build/moveit_configs_utils/build install --prefix /home/henry/ws_moveit2/src/moveit2/install/moveit_configs_utils --record /home/henry/ws_moveit2/src/moveit2/build/moveit_configs_utils/install.log --single-version-externally-managed
[0.661s] running egg_info
[0.662s] creating ../build/moveit_configs_utils/moveit_configs_utils.egg-info
[0.662s] writing ../build/moveit_configs_utils/moveit_configs_utils.egg-info/PKG-INFO
[0.662s] writing dependency_links to ../build/moveit_configs_utils/moveit_configs_utils.egg-info/dependency_links.txt
[0.662s] writing entry points to ../build/moveit_configs_utils/moveit_configs_utils.egg-info/entry_points.txt
[0.662s] writing requirements to ../build/moveit_configs_utils/moveit_configs_utils.egg-info/requires.txt
[0.662s] writing top-level names to ../build/moveit_configs_utils/moveit_configs_utils.egg-info/top_level.txt
[0.662s] writing manifest file '../build/moveit_configs_utils/moveit_configs_utils.egg-info/SOURCES.txt'
[0.663s] reading manifest file '../build/moveit_configs_utils/moveit_configs_utils.egg-info/SOURCES.txt'
[0.664s] writing manifest file '../build/moveit_configs_utils/moveit_configs_utils.egg-info/SOURCES.txt'
[0.664s] running build
[0.664s] running build_py
[0.664s] creating /home/henry/ws_moveit2/src/moveit2/build/moveit_configs_utils/build
[0.664s] creating /home/henry/ws_moveit2/src/moveit2/build/moveit_configs_utils/build/lib
[0.664s] creating /home/henry/ws_moveit2/src/moveit2/build/moveit_configs_utils/build/lib/moveit_configs_utils
[0.665s] copying moveit_configs_utils/launches.py -> /home/henry/ws_moveit2/src/moveit2/build/moveit_configs_utils/build/lib/moveit_configs_utils
[0.665s] copying moveit_configs_utils/moveit_configs_builder.py -> /home/henry/ws_moveit2/src/moveit2/build/moveit_configs_utils/build/lib/moveit_configs_utils
[0.665s] copying moveit_configs_utils/__init__.py -> /home/henry/ws_moveit2/src/moveit2/build/moveit_configs_utils/build/lib/moveit_configs_utils
[0.665s] copying moveit_configs_utils/launch_utils.py -> /home/henry/ws_moveit2/src/moveit2/build/moveit_configs_utils/build/lib/moveit_configs_utils
[0.665s] running install
[0.666s] /usr/lib/python3/dist-packages/setuptools/command/install.py:34: SetuptoolsDeprecationWarning: setup.py install is deprecated. Use build and pip and other standards-based tools.
[0.666s]   warnings.warn(
[0.666s] running install_lib
[0.666s] creating /home/henry/ws_moveit2/src/moveit2/install/moveit_configs_utils/lib/python3.10/site-packages/moveit_configs_utils
[0.666s] copying /home/henry/ws_moveit2/src/moveit2/build/moveit_configs_utils/build/lib/moveit_configs_utils/launches.py -> /home/henry/ws_moveit2/src/moveit2/install/moveit_configs_utils/lib/python3.10/site-packages/moveit_configs_utils
[0.667s] copying /home/henry/ws_moveit2/src/moveit2/build/moveit_configs_utils/build/lib/moveit_configs_utils/moveit_configs_builder.py -> /home/henry/ws_moveit2/src/moveit2/install/moveit_configs_utils/lib/python3.10/site-packages/moveit_configs_utils
[0.667s] copying /home/henry/ws_moveit2/src/moveit2/build/moveit_configs_utils/build/lib/moveit_configs_utils/__init__.py -> /home/henry/ws_moveit2/src/moveit2/install/moveit_configs_utils/lib/python3.10/site-packages/moveit_configs_utils
[0.667s] copying /home/henry/ws_moveit2/src/moveit2/build/moveit_configs_utils/build/lib/moveit_configs_utils/launch_utils.py -> /home/henry/ws_moveit2/src/moveit2/install/moveit_configs_utils/lib/python3.10/site-packages/moveit_configs_utils
[0.667s] byte-compiling /home/henry/ws_moveit2/src/moveit2/install/moveit_configs_utils/lib/python3.10/site-packages/moveit_configs_utils/launches.py to launches.cpython-310.pyc
[0.667s] byte-compiling /home/henry/ws_moveit2/src/moveit2/install/moveit_configs_utils/lib/python3.10/site-packages/moveit_configs_utils/moveit_configs_builder.py to moveit_configs_builder.cpython-310.pyc
[0.668s] byte-compiling /home/henry/ws_moveit2/src/moveit2/install/moveit_configs_utils/lib/python3.10/site-packages/moveit_configs_utils/__init__.py to __init__.cpython-310.pyc
[0.668s] byte-compiling /home/henry/ws_moveit2/src/moveit2/install/moveit_configs_utils/lib/python3.10/site-packages/moveit_configs_utils/launch_utils.py to launch_utils.cpython-310.pyc
[0.669s] running install_data
[0.669s] creating /home/henry/ws_moveit2/src/moveit2/install/moveit_configs_utils/share/ament_index
[0.669s] creating /home/henry/ws_moveit2/src/moveit2/install/moveit_configs_utils/share/ament_index/resource_index
[0.669s] creating /home/henry/ws_moveit2/src/moveit2/install/moveit_configs_utils/share/ament_index/resource_index/packages
[0.669s] copying resource/moveit_configs_utils -> /home/henry/ws_moveit2/src/moveit2/install/moveit_configs_utils/share/ament_index/resource_index/packages
[0.669s] copying package.xml -> /home/henry/ws_moveit2/src/moveit2/install/moveit_configs_utils/share/moveit_configs_utils
[0.669s] creating /home/henry/ws_moveit2/src/moveit2/install/moveit_configs_utils/share/moveit_configs_utils/default_configs
[0.669s] copying default_configs/ompl_defaults.yaml -> /home/henry/ws_moveit2/src/moveit2/install/moveit_configs_utils/share/moveit_configs_utils/default_configs
[0.669s] copying default_configs/pilz_industrial_motion_planner_planning.yaml -> /home/henry/ws_moveit2/src/moveit2/install/moveit_configs_utils/share/moveit_configs_utils/default_configs
[0.669s] copying default_configs/chomp_planning.yaml -> /home/henry/ws_moveit2/src/moveit2/install/moveit_configs_utils/share/moveit_configs_utils/default_configs
[0.670s] copying default_configs/trajopt_planning.yaml -> /home/henry/ws_moveit2/src/moveit2/install/moveit_configs_utils/share/moveit_configs_utils/default_configs
[0.670s] copying default_configs/ompl_planning.yaml -> /home/henry/ws_moveit2/src/moveit2/install/moveit_configs_utils/share/moveit_configs_utils/default_configs
[0.670s] running install_egg_info
[0.670s] Copying ../build/moveit_configs_utils/moveit_configs_utils.egg-info to /home/henry/ws_moveit2/src/moveit2/install/moveit_configs_utils/lib/python3.10/site-packages/moveit_configs_utils-2.5.0-py3.10.egg-info
[0.671s] running install_scripts
[0.684s] writing list of installed files to '/home/henry/ws_moveit2/src/moveit2/build/moveit_configs_utils/install.log'
[0.702s] Invoked command in '/home/henry/ws_moveit2/src/moveit2/moveit_configs_utils' returned '0': PS1=\[\033[34m\][\h]\[\033[0m\]\[\033[0;32m\]$(parse_vc_branch_and_add_brackets)\[\033[0m\] \W$ PYTHONPATH=/home/henry/ws_moveit2/src/moveit2/install/moveit_configs_utils/lib/python3.10/site-packages:${PYTHONPATH} /usr/bin/python3 setup.py egg_info --egg-base ../build/moveit_configs_utils build --build-base /home/henry/ws_moveit2/src/moveit2/build/moveit_configs_utils/build install --prefix /home/henry/ws_moveit2/src/moveit2/install/moveit_configs_utils --record /home/henry/ws_moveit2/src/moveit2/build/moveit_configs_utils/install.log --single-version-externally-managed
